Begin script: run_optmThrGFA.R
2020-04-13 16:05:39

Attaching package: ‘gplots’

The following object is masked from ‘package:stats’:

    lowess

Loading required package: usethis
Skipping install of 'optmThrGFA' from a github remote, the SHA1 (6a5dd3e0) has not changed since last install.
  Use `force = TRUE` to force installation

method 2


Loading original dataset.
Original dataset loaded.

Creating replicate 1 of 10
[1] "Running GFA with 4 data sources paired in one mode."
[1] "Learning: 100/5000 - K=10 - 2020-04-13 16:06:17"
[1] "Learning: 200/5000 - K=10 - 2020-04-13 16:06:21"
[1] "Learning: 300/5000 - K=10 - 2020-04-13 16:06:25"
[1] "Learning: 400/5000 - K=10 - 2020-04-13 16:06:29"
[1] "Learning: 500/5000 - K=10 - 2020-04-13 16:06:32"
[1] "Learning: 600/5000 - K=10 - 2020-04-13 16:06:36"
[1] "Learning: 700/5000 - K=10 - 2020-04-13 16:06:40"
[1] "Learning: 800/5000 - K=10 - 2020-04-13 16:06:44"
[1] "Learning: 900/5000 - K=10 - 2020-04-13 16:06:47"
[1] "Learning: 1000/5000 - K=10 - 2020-04-13 16:06:51"
[1] "Learning: 1100/5000 - K=10 - 2020-04-13 16:06:55"
[1] "Learning: 1200/5000 - K=10 - 2020-04-13 16:06:59"
[1] "Learning: 1300/5000 - K=10 - 2020-04-13 16:07:03"
[1] "Learning: 1400/5000 - K=10 - 2020-04-13 16:07:06"
[1] "Learning: 1500/5000 - K=10 - 2020-04-13 16:07:10"
[1] "Learning: 1600/5000 - K=10 - 2020-04-13 16:07:14"
[1] "Learning: 1700/5000 - K=10 - 2020-04-13 16:07:18"
[1] "Learning: 1800/5000 - K=10 - 2020-04-13 16:07:22"
[1] "Learning: 1900/5000 - K=10 - 2020-04-13 16:07:25"
[1] "Learning: 2000/5000 - K=10 - 2020-04-13 16:07:29"
[1] "Learning: 2100/5000 - K=10 - 2020-04-13 16:07:33"
[1] "Learning: 2200/5000 - K=10 - 2020-04-13 16:07:37"
[1] "Learning: 2300/5000 - K=10 - 2020-04-13 16:07:41"
[1] "Learning: 2400/5000 - K=10 - 2020-04-13 16:07:44"
[1] "Learning: 2500/5000 - K=10 - 2020-04-13 16:07:48"
[1] "Learning: 2600/5000 - K=10 - 2020-04-13 16:07:52"
[1] "Learning: 2700/5000 - K=10 - 2020-04-13 16:07:56"
[1] "Learning: 2800/5000 - K=10 - 2020-04-13 16:07:59"
[1] "Learning: 2900/5000 - K=10 - 2020-04-13 16:08:03"
[1] "Learning: 3000/5000 - K=10 - 2020-04-13 16:08:06"
[1] "Learning: 3100/5000 - K=10 - 2020-04-13 16:08:10"
[1] "Learning: 3200/5000 - K=10 - 2020-04-13 16:08:13"
[1] "Learning: 3300/5000 - K=10 - 2020-04-13 16:08:17"
[1] "Learning: 3400/5000 - K=10 - 2020-04-13 16:08:20"
[1] "Learning: 3500/5000 - K=10 - 2020-04-13 16:08:24"
[1] "Learning: 3600/5000 - K=10 - 2020-04-13 16:08:27"
[1] "Learning: 3700/5000 - K=10 - 2020-04-13 16:08:31"
[1] "Learning: 3800/5000 - K=10 - 2020-04-13 16:08:35"
[1] "Learning: 3900/5000 - K=10 - 2020-04-13 16:08:38"
[1] "Learning: 4000/5000 - K=10 - 2020-04-13 16:08:42"
[1] "Learning: 4100/5000 - K=10 - 2020-04-13 16:08:45"
[1] "Learning: 4200/5000 - K=10 - 2020-04-13 16:08:49"
[1] "Learning: 4300/5000 - K=10 - 2020-04-13 16:08:52"
[1] "Learning: 4400/5000 - K=10 - 2020-04-13 16:08:56"
[1] "Learning: 4500/5000 - K=10 - 2020-04-13 16:08:59"
[1] "Learning: 4600/5000 - K=10 - 2020-04-13 16:09:03"
[1] "Learning: 4700/5000 - K=10 - 2020-04-13 16:09:06"
[1] "Learning: 4800/5000 - K=10 - 2020-04-13 16:09:10"
[1] "Learning: 4900/5000 - K=10 - 2020-04-13 16:09:14"
[1] "Learning: 5000/5000 - K=10 - 2020-04-13 16:09:17"
[1] "Starting convergence check"
[1] "Convergence diagnostic: 0.0504"
[1] "Values significantly greater than 0.05 imply a non-converged model."
Creating replicate 2 of 10
[1] "Running GFA with 4 data sources paired in one mode."
[1] "Learning: 100/5000 - K=12 - 2020-04-13 16:11:18"
[1] "Learning: 200/5000 - K=12 - 2020-04-13 16:11:23"
[1] "Learning: 300/5000 - K=12 - 2020-04-13 16:11:27"
[1] "Learning: 400/5000 - K=12 - 2020-04-13 16:11:31"
[1] "Learning: 500/5000 - K=12 - 2020-04-13 16:11:35"
[1] "Learning: 600/5000 - K=12 - 2020-04-13 16:11:39"
[1] "Learning: 700/5000 - K=12 - 2020-04-13 16:11:44"
[1] "Learning: 800/5000 - K=12 - 2020-04-13 16:11:48"
[1] "Learning: 900/5000 - K=12 - 2020-04-13 16:11:52"
[1] "Learning: 1000/5000 - K=12 - 2020-04-13 16:11:56"
[1] "Learning: 1100/5000 - K=12 - 2020-04-13 16:12:00"
[1] "Learning: 1200/5000 - K=12 - 2020-04-13 16:12:04"
[1] "Learning: 1300/5000 - K=12 - 2020-04-13 16:12:09"
[1] "Learning: 1400/5000 - K=12 - 2020-04-13 16:12:13"
[1] "Learning: 1500/5000 - K=12 - 2020-04-13 16:12:17"
[1] "Learning: 1600/5000 - K=12 - 2020-04-13 16:12:21"
[1] "Learning: 1700/5000 - K=12 - 2020-04-13 16:12:25"
[1] "Learning: 1800/5000 - K=12 - 2020-04-13 16:12:30"
[1] "Learning: 1900/5000 - K=12 - 2020-04-13 16:12:34"
[1] "Learning: 2000/5000 - K=12 - 2020-04-13 16:12:38"
[1] "Learning: 2100/5000 - K=12 - 2020-04-13 16:12:42"
[1] "Learning: 2200/5000 - K=12 - 2020-04-13 16:12:46"
[1] "Learning: 2300/5000 - K=12 - 2020-04-13 16:12:50"
[1] "Learning: 2400/5000 - K=12 - 2020-04-13 16:12:55"
[1] "Learning: 2500/5000 - K=12 - 2020-04-13 16:12:59"
[1] "Learning: 2600/5000 - K=12 - 2020-04-13 16:13:03"
[1] "Learning: 2700/5000 - K=12 - 2020-04-13 16:13:07"
[1] "Learning: 2800/5000 - K=12 - 2020-04-13 16:13:12"
[1] "Learning: 2900/5000 - K=12 - 2020-04-13 16:13:16"
[1] "Learning: 3000/5000 - K=12 - 2020-04-13 16:13:20"
[1] "Learning: 3100/5000 - K=12 - 2020-04-13 16:13:25"
[1] "Learning: 3200/5000 - K=12 - 2020-04-13 16:13:29"
[1] "Learning: 3300/5000 - K=12 - 2020-04-13 16:13:33"
[1] "Learning: 3400/5000 - K=12 - 2020-04-13 16:13:38"
[1] "Learning: 3500/5000 - K=12 - 2020-04-13 16:13:42"
[1] "Learning: 3600/5000 - K=12 - 2020-04-13 16:13:46"
[1] "Learning: 3700/5000 - K=12 - 2020-04-13 16:13:50"
[1] "Learning: 3800/5000 - K=12 - 2020-04-13 16:13:55"
[1] "Learning: 3900/5000 - K=12 - 2020-04-13 16:13:59"
[1] "Learning: 4000/5000 - K=12 - 2020-04-13 16:14:03"
[1] "Learning: 4100/5000 - K=12 - 2020-04-13 16:14:08"
[1] "Learning: 4200/5000 - K=12 - 2020-04-13 16:14:12"
[1] "Learning: 4300/5000 - K=12 - 2020-04-13 16:14:16"
[1] "Learning: 4400/5000 - K=12 - 2020-04-13 16:14:20"
[1] "Learning: 4500/5000 - K=12 - 2020-04-13 16:14:25"
[1] "Learning: 4600/5000 - K=12 - 2020-04-13 16:14:29"
[1] "Learning: 4700/5000 - K=12 - 2020-04-13 16:14:33"
[1] "Learning: 4800/5000 - K=12 - 2020-04-13 16:14:37"
[1] "Learning: 4900/5000 - K=12 - 2020-04-13 16:14:42"
[1] "Learning: 5000/5000 - K=12 - 2020-04-13 16:14:46"
[1] "Starting convergence check"
[1] "Convergence diagnostic: 0.0507"
[1] "Values significantly greater than 0.05 imply a non-converged model."
Creating replicate 3 of 10
[1] "Running GFA with 4 data sources paired in one mode."
[1] "Learning: 100/5000 - K=11 - 2020-04-13 16:16:52"
[1] "Learning: 200/5000 - K=11 - 2020-04-13 16:16:55"
[1] "Learning: 300/5000 - K=11 - 2020-04-13 16:16:59"
[1] "Learning: 400/5000 - K=11 - 2020-04-13 16:17:03"
[1] "Learning: 500/5000 - K=11 - 2020-04-13 16:17:06"
[1] "Learning: 600/5000 - K=11 - 2020-04-13 16:17:10"
[1] "Learning: 700/5000 - K=11 - 2020-04-13 16:17:14"
[1] "Learning: 800/5000 - K=11 - 2020-04-13 16:17:18"
[1] "Learning: 900/5000 - K=11 - 2020-04-13 16:17:22"
[1] "Learning: 1000/5000 - K=11 - 2020-04-13 16:17:25"
[1] "Learning: 1100/5000 - K=11 - 2020-04-13 16:17:29"
[1] "Learning: 1200/5000 - K=11 - 2020-04-13 16:17:33"
[1] "Learning: 1300/5000 - K=11 - 2020-04-13 16:17:37"
[1] "Learning: 1400/5000 - K=11 - 2020-04-13 16:17:40"
[1] "Learning: 1500/5000 - K=11 - 2020-04-13 16:17:44"
[1] "Learning: 1600/5000 - K=11 - 2020-04-13 16:17:48"
[1] "Learning: 1700/5000 - K=11 - 2020-04-13 16:17:52"
[1] "Learning: 1800/5000 - K=11 - 2020-04-13 16:17:56"
[1] "Learning: 1900/5000 - K=11 - 2020-04-13 16:17:59"
[1] "Learning: 2000/5000 - K=11 - 2020-04-13 16:18:03"
[1] "Learning: 2100/5000 - K=11 - 2020-04-13 16:18:07"
[1] "Learning: 2200/5000 - K=11 - 2020-04-13 16:18:11"
[1] "Learning: 2300/5000 - K=11 - 2020-04-13 16:18:15"
[1] "Learning: 2400/5000 - K=11 - 2020-04-13 16:18:18"
[1] "Learning: 2500/5000 - K=11 - 2020-04-13 16:18:22"
[1] "Learning: 2600/5000 - K=11 - 2020-04-13 16:18:26"
[1] "Learning: 2700/5000 - K=11 - 2020-04-13 16:18:30"
[1] "Learning: 2800/5000 - K=11 - 2020-04-13 16:18:34"
[1] "Learning: 2900/5000 - K=11 - 2020-04-13 16:18:37"
[1] "Learning: 3000/5000 - K=11 - 2020-04-13 16:18:41"
[1] "Learning: 3100/5000 - K=11 - 2020-04-13 16:18:45"
[1] "Learning: 3200/5000 - K=11 - 2020-04-13 16:18:49"
[1] "Learning: 3300/5000 - K=11 - 2020-04-13 16:18:52"
[1] "Learning: 3400/5000 - K=11 - 2020-04-13 16:18:56"
[1] "Learning: 3500/5000 - K=11 - 2020-04-13 16:19:00"
[1] "Learning: 3600/5000 - K=11 - 2020-04-13 16:19:04"
[1] "Learning: 3700/5000 - K=11 - 2020-04-13 16:19:07"
[1] "Learning: 3800/5000 - K=11 - 2020-04-13 16:19:11"
[1] "Learning: 3900/5000 - K=11 - 2020-04-13 16:19:15"
[1] "Learning: 4000/5000 - K=11 - 2020-04-13 16:19:18"
[1] "Learning: 4100/5000 - K=11 - 2020-04-13 16:19:22"
[1] "Learning: 4200/5000 - K=11 - 2020-04-13 16:19:26"
[1] "Learning: 4300/5000 - K=11 - 2020-04-13 16:19:30"
[1] "Learning: 4400/5000 - K=11 - 2020-04-13 16:19:33"
[1] "Learning: 4500/5000 - K=11 - 2020-04-13 16:19:37"
[1] "Learning: 4600/5000 - K=11 - 2020-04-13 16:19:41"
[1] "Learning: 4700/5000 - K=11 - 2020-04-13 16:19:45"
[1] "Learning: 4800/5000 - K=11 - 2020-04-13 16:19:48"
[1] "Learning: 4900/5000 - K=11 - 2020-04-13 16:19:52"
[1] "Learning: 5000/5000 - K=11 - 2020-04-13 16:19:56"
[1] "Starting convergence check"
[1] "Convergence diagnostic: 0.05"
[1] "Values significantly greater than 0.05 imply a non-converged model."
Creating replicate 4 of 10
[1] "Running GFA with 4 data sources paired in one mode."
[1] "Learning: 100/5000 - K=18 - 2020-04-13 16:21:56"
[1] "Learning: 200/5000 - K=18 - 2020-04-13 16:22:02"
[1] "Learning: 300/5000 - K=18 - 2020-04-13 16:22:08"
[1] "Learning: 400/5000 - K=18 - 2020-04-13 16:22:14"
[1] "Learning: 500/5000 - K=18 - 2020-04-13 16:22:20"
[1] "Learning: 600/5000 - K=18 - 2020-04-13 16:22:26"
[1] "Learning: 700/5000 - K=18 - 2020-04-13 16:22:32"
[1] "Learning: 800/5000 - K=18 - 2020-04-13 16:22:38"
[1] "Learning: 900/5000 - K=18 - 2020-04-13 16:22:44"
[1] "Learning: 1000/5000 - K=18 - 2020-04-13 16:22:50"
[1] "Learning: 1100/5000 - K=18 - 2020-04-13 16:22:56"
[1] "Learning: 1200/5000 - K=18 - 2020-04-13 16:23:02"
[1] "Learning: 1300/5000 - K=18 - 2020-04-13 16:23:09"
[1] "Learning: 1400/5000 - K=18 - 2020-04-13 16:23:15"
[1] "Learning: 1500/5000 - K=18 - 2020-04-13 16:23:21"
[1] "Learning: 1600/5000 - K=18 - 2020-04-13 16:23:27"
[1] "Learning: 1700/5000 - K=18 - 2020-04-13 16:23:33"
[1] "Learning: 1800/5000 - K=18 - 2020-04-13 16:23:39"
[1] "Learning: 1900/5000 - K=18 - 2020-04-13 16:23:45"
[1] "Learning: 2000/5000 - K=18 - 2020-04-13 16:23:51"
[1] "Learning: 2100/5000 - K=18 - 2020-04-13 16:23:57"
[1] "Learning: 2200/5000 - K=18 - 2020-04-13 16:24:03"
[1] "Learning: 2300/5000 - K=18 - 2020-04-13 16:24:09"
[1] "Learning: 2400/5000 - K=18 - 2020-04-13 16:24:15"
[1] "Learning: 2500/5000 - K=18 - 2020-04-13 16:24:21"
[1] "Learning: 2600/5000 - K=18 - 2020-04-13 16:24:28"
[1] "Learning: 2700/5000 - K=18 - 2020-04-13 16:24:34"
[1] "Learning: 2800/5000 - K=18 - 2020-04-13 16:24:40"
[1] "Learning: 2900/5000 - K=18 - 2020-04-13 16:24:46"
[1] "Learning: 3000/5000 - K=18 - 2020-04-13 16:24:52"
[1] "Learning: 3100/5000 - K=18 - 2020-04-13 16:24:58"
[1] "Learning: 3200/5000 - K=18 - 2020-04-13 16:25:04"
[1] "Learning: 3300/5000 - K=18 - 2020-04-13 16:25:10"
[1] "Learning: 3400/5000 - K=18 - 2020-04-13 16:25:16"
[1] "Learning: 3500/5000 - K=18 - 2020-04-13 16:25:22"
[1] "Learning: 3600/5000 - K=18 - 2020-04-13 16:25:28"
[1] "Learning: 3700/5000 - K=18 - 2020-04-13 16:25:34"
[1] "Learning: 3800/5000 - K=18 - 2020-04-13 16:25:40"
[1] "Learning: 3900/5000 - K=18 - 2020-04-13 16:25:46"
[1] "Learning: 4000/5000 - K=18 - 2020-04-13 16:25:52"
[1] "Learning: 4100/5000 - K=18 - 2020-04-13 16:25:58"
[1] "Learning: 4200/5000 - K=18 - 2020-04-13 16:26:04"
[1] "Learning: 4300/5000 - K=18 - 2020-04-13 16:26:10"
[1] "Learning: 4400/5000 - K=18 - 2020-04-13 16:26:16"
[1] "Learning: 4500/5000 - K=18 - 2020-04-13 16:26:22"
[1] "Learning: 4600/5000 - K=18 - 2020-04-13 16:26:28"
[1] "Learning: 4700/5000 - K=18 - 2020-04-13 16:26:34"
[1] "Learning: 4800/5000 - K=18 - 2020-04-13 16:26:40"
[1] "Learning: 4900/5000 - K=18 - 2020-04-13 16:26:46"
[1] "Learning: 5000/5000 - K=18 - 2020-04-13 16:26:52"
[1] "Starting convergence check"
[1] "Convergence diagnostic: 0.0527"
[1] "Values significantly greater than 0.05 imply a non-converged model."
Creating replicate 5 of 10
[1] "Running GFA with 4 data sources paired in one mode."
[1] "Learning: 100/5000 - K=15 - 2020-04-13 16:28:55"
[1] "Learning: 200/5000 - K=15 - 2020-04-13 16:29:00"
[1] "Learning: 300/5000 - K=15 - 2020-04-13 16:29:05"
[1] "Learning: 400/5000 - K=15 - 2020-04-13 16:29:10"
[1] "Learning: 500/5000 - K=15 - 2020-04-13 16:29:15"
[1] "Learning: 600/5000 - K=15 - 2020-04-13 16:29:20"
[1] "Learning: 700/5000 - K=15 - 2020-04-13 16:29:25"
[1] "Learning: 800/5000 - K=15 - 2020-04-13 16:29:30"
[1] "Learning: 900/5000 - K=15 - 2020-04-13 16:29:35"
[1] "Learning: 1000/5000 - K=15 - 2020-04-13 16:29:40"
[1] "Learning: 1100/5000 - K=15 - 2020-04-13 16:29:45"
[1] "Learning: 1200/5000 - K=15 - 2020-04-13 16:29:50"
[1] "Learning: 1300/5000 - K=15 - 2020-04-13 16:29:55"
[1] "Learning: 1400/5000 - K=15 - 2020-04-13 16:30:00"
[1] "Learning: 1500/5000 - K=15 - 2020-04-13 16:30:05"
[1] "Learning: 1600/5000 - K=15 - 2020-04-13 16:30:10"
[1] "Learning: 1700/5000 - K=15 - 2020-04-13 16:30:15"
[1] "Learning: 1800/5000 - K=15 - 2020-04-13 16:30:20"
[1] "Learning: 1900/5000 - K=15 - 2020-04-13 16:30:25"
[1] "Learning: 2000/5000 - K=15 - 2020-04-13 16:30:30"
[1] "Learning: 2100/5000 - K=15 - 2020-04-13 16:30:35"
[1] "Learning: 2200/5000 - K=15 - 2020-04-13 16:30:40"
[1] "Learning: 2300/5000 - K=15 - 2020-04-13 16:30:45"
[1] "Learning: 2400/5000 - K=15 - 2020-04-13 16:30:50"
[1] "Learning: 2500/5000 - K=15 - 2020-04-13 16:30:55"
[1] "Learning: 2600/5000 - K=15 - 2020-04-13 16:31:00"
[1] "Learning: 2700/5000 - K=15 - 2020-04-13 16:31:05"
[1] "Learning: 2800/5000 - K=15 - 2020-04-13 16:31:10"
[1] "Learning: 2900/5000 - K=15 - 2020-04-13 16:31:15"
[1] "Learning: 3000/5000 - K=15 - 2020-04-13 16:31:20"
[1] "Learning: 3100/5000 - K=15 - 2020-04-13 16:31:25"
[1] "Learning: 3200/5000 - K=15 - 2020-04-13 16:31:30"
[1] "Learning: 3300/5000 - K=15 - 2020-04-13 16:31:35"
[1] "Learning: 3400/5000 - K=15 - 2020-04-13 16:31:40"
[1] "Learning: 3500/5000 - K=15 - 2020-04-13 16:31:45"
[1] "Learning: 3600/5000 - K=15 - 2020-04-13 16:31:50"
[1] "Learning: 3700/5000 - K=15 - 2020-04-13 16:31:55"
[1] "Learning: 3800/5000 - K=15 - 2020-04-13 16:32:00"
[1] "Learning: 3900/5000 - K=15 - 2020-04-13 16:32:05"
[1] "Learning: 4000/5000 - K=15 - 2020-04-13 16:32:09"
[1] "Learning: 4100/5000 - K=15 - 2020-04-13 16:32:14"
[1] "Learning: 4200/5000 - K=15 - 2020-04-13 16:32:19"
[1] "Learning: 4300/5000 - K=15 - 2020-04-13 16:32:24"
[1] "Learning: 4400/5000 - K=15 - 2020-04-13 16:32:29"
[1] "Learning: 4500/5000 - K=15 - 2020-04-13 16:32:34"
[1] "Learning: 4600/5000 - K=15 - 2020-04-13 16:32:39"
[1] "Learning: 4700/5000 - K=15 - 2020-04-13 16:32:44"
[1] "Learning: 4800/5000 - K=15 - 2020-04-13 16:32:49"
[1] "Learning: 4900/5000 - K=15 - 2020-04-13 16:32:54"
[1] "Learning: 5000/5000 - K=15 - 2020-04-13 16:32:59"
[1] "Starting convergence check"
[1] "Convergence diagnostic: 0.0554"
[1] "Values significantly greater than 0.05 imply a non-converged model."
Creating replicate 6 of 10
[1] "Running GFA with 4 data sources paired in one mode."
[1] "Learning: 100/5000 - K=14 - 2020-04-13 16:34:59"
[1] "Learning: 200/5000 - K=14 - 2020-04-13 16:35:04"
[1] "Learning: 300/5000 - K=14 - 2020-04-13 16:35:08"
[1] "Learning: 400/5000 - K=14 - 2020-04-13 16:35:13"
[1] "Learning: 500/5000 - K=14 - 2020-04-13 16:35:18"
[1] "Learning: 600/5000 - K=14 - 2020-04-13 16:35:22"
[1] "Learning: 700/5000 - K=14 - 2020-04-13 16:35:27"
[1] "Learning: 800/5000 - K=14 - 2020-04-13 16:35:31"
[1] "Learning: 900/5000 - K=14 - 2020-04-13 16:35:36"
[1] "Learning: 1000/5000 - K=14 - 2020-04-13 16:35:41"
[1] "Learning: 1100/5000 - K=14 - 2020-04-13 16:35:45"
[1] "Learning: 1200/5000 - K=14 - 2020-04-13 16:35:50"
[1] "Learning: 1300/5000 - K=14 - 2020-04-13 16:35:55"
[1] "Learning: 1400/5000 - K=14 - 2020-04-13 16:35:59"
[1] "Learning: 1500/5000 - K=14 - 2020-04-13 16:36:04"
[1] "Learning: 1600/5000 - K=14 - 2020-04-13 16:36:09"
[1] "Learning: 1700/5000 - K=14 - 2020-04-13 16:36:13"
[1] "Learning: 1800/5000 - K=14 - 2020-04-13 16:36:18"
[1] "Learning: 1900/5000 - K=14 - 2020-04-13 16:36:23"
[1] "Learning: 2000/5000 - K=14 - 2020-04-13 16:36:27"
[1] "Learning: 2100/5000 - K=14 - 2020-04-13 16:36:32"
[1] "Learning: 2200/5000 - K=14 - 2020-04-13 16:36:37"
[1] "Learning: 2300/5000 - K=14 - 2020-04-13 16:36:41"
[1] "Learning: 2400/5000 - K=14 - 2020-04-13 16:36:46"
[1] "Learning: 2500/5000 - K=14 - 2020-04-13 16:36:51"
[1] "Learning: 2600/5000 - K=14 - 2020-04-13 16:36:56"
[1] "Learning: 2700/5000 - K=14 - 2020-04-13 16:37:00"
[1] "Learning: 2800/5000 - K=14 - 2020-04-13 16:37:05"
[1] "Learning: 2900/5000 - K=14 - 2020-04-13 16:37:10"
[1] "Learning: 3000/5000 - K=14 - 2020-04-13 16:37:14"
[1] "Learning: 3100/5000 - K=14 - 2020-04-13 16:37:19"
[1] "Learning: 3200/5000 - K=14 - 2020-04-13 16:37:24"
[1] "Learning: 3300/5000 - K=14 - 2020-04-13 16:37:28"
[1] "Learning: 3400/5000 - K=14 - 2020-04-13 16:37:33"
[1] "Learning: 3500/5000 - K=14 - 2020-04-13 16:37:38"
[1] "Learning: 3600/5000 - K=14 - 2020-04-13 16:37:42"
[1] "Learning: 3700/5000 - K=14 - 2020-04-13 16:37:47"
[1] "Learning: 3800/5000 - K=14 - 2020-04-13 16:37:52"
[1] "Learning: 3900/5000 - K=14 - 2020-04-13 16:37:56"
[1] "Learning: 4000/5000 - K=14 - 2020-04-13 16:38:01"
[1] "Learning: 4100/5000 - K=14 - 2020-04-13 16:38:06"
[1] "Learning: 4200/5000 - K=14 - 2020-04-13 16:38:10"
[1] "Learning: 4300/5000 - K=14 - 2020-04-13 16:38:15"
[1] "Learning: 4400/5000 - K=14 - 2020-04-13 16:38:20"
[1] "Learning: 4500/5000 - K=14 - 2020-04-13 16:38:24"
[1] "Learning: 4600/5000 - K=14 - 2020-04-13 16:38:29"
[1] "Learning: 4700/5000 - K=14 - 2020-04-13 16:38:34"
[1] "Learning: 4800/5000 - K=14 - 2020-04-13 16:38:38"
[1] "Learning: 4900/5000 - K=14 - 2020-04-13 16:38:43"
[1] "Learning: 5000/5000 - K=14 - 2020-04-13 16:38:48"
[1] "Starting convergence check"
[1] "Convergence diagnostic: 0.0682"
[1] "Values significantly greater than 0.05 imply a non-converged model."
Creating replicate 7 of 10
[1] "Running GFA with 4 data sources paired in one mode."
[1] "Learning: 100/5000 - K=12 - 2020-04-13 16:40:46"
[1] "Learning: 200/5000 - K=12 - 2020-04-13 16:40:50"
[1] "Learning: 300/5000 - K=12 - 2020-04-13 16:40:54"
[1] "Learning: 400/5000 - K=12 - 2020-04-13 16:40:58"
[1] "Learning: 500/5000 - K=12 - 2020-04-13 16:41:02"
[1] "Learning: 600/5000 - K=12 - 2020-04-13 16:41:06"
[1] "Learning: 700/5000 - K=12 - 2020-04-13 16:41:10"
[1] "Learning: 800/5000 - K=12 - 2020-04-13 16:41:14"
[1] "Learning: 900/5000 - K=12 - 2020-04-13 16:41:18"
[1] "Learning: 1000/5000 - K=12 - 2020-04-13 16:41:22"
[1] "Learning: 1100/5000 - K=12 - 2020-04-13 16:41:26"
[1] "Learning: 1200/5000 - K=12 - 2020-04-13 16:41:30"
[1] "Learning: 1300/5000 - K=12 - 2020-04-13 16:41:34"
[1] "Learning: 1400/5000 - K=12 - 2020-04-13 16:41:38"
[1] "Learning: 1500/5000 - K=12 - 2020-04-13 16:41:42"
[1] "Learning: 1600/5000 - K=12 - 2020-04-13 16:41:46"
[1] "Learning: 1700/5000 - K=12 - 2020-04-13 16:41:50"
[1] "Learning: 1800/5000 - K=12 - 2020-04-13 16:41:54"
[1] "Learning: 1900/5000 - K=12 - 2020-04-13 16:41:58"
[1] "Learning: 2000/5000 - K=12 - 2020-04-13 16:42:03"
[1] "Learning: 2100/5000 - K=12 - 2020-04-13 16:42:07"
[1] "Learning: 2200/5000 - K=12 - 2020-04-13 16:42:11"
[1] "Learning: 2300/5000 - K=12 - 2020-04-13 16:42:15"
[1] "Learning: 2400/5000 - K=12 - 2020-04-13 16:42:19"
[1] "Learning: 2500/5000 - K=12 - 2020-04-13 16:42:23"
[1] "Learning: 2600/5000 - K=12 - 2020-04-13 16:42:27"
[1] "Learning: 2700/5000 - K=12 - 2020-04-13 16:42:31"
[1] "Learning: 2800/5000 - K=12 - 2020-04-13 16:42:35"
[1] "Learning: 2900/5000 - K=12 - 2020-04-13 16:42:39"
[1] "Learning: 3000/5000 - K=12 - 2020-04-13 16:42:43"
[1] "Learning: 3100/5000 - K=12 - 2020-04-13 16:42:47"
[1] "Learning: 3200/5000 - K=12 - 2020-04-13 16:42:51"
[1] "Learning: 3300/5000 - K=12 - 2020-04-13 16:42:55"
[1] "Learning: 3400/5000 - K=12 - 2020-04-13 16:43:00"
[1] "Learning: 3500/5000 - K=12 - 2020-04-13 16:43:04"
[1] "Learning: 3600/5000 - K=12 - 2020-04-13 16:43:08"
[1] "Learning: 3700/5000 - K=12 - 2020-04-13 16:43:12"
[1] "Learning: 3800/5000 - K=12 - 2020-04-13 16:43:16"
[1] "Learning: 3900/5000 - K=12 - 2020-04-13 16:43:20"
[1] "Learning: 4000/5000 - K=12 - 2020-04-13 16:43:24"
[1] "Learning: 4100/5000 - K=12 - 2020-04-13 16:43:28"
[1] "Learning: 4200/5000 - K=12 - 2020-04-13 16:43:32"
[1] "Learning: 4300/5000 - K=12 - 2020-04-13 16:43:36"
[1] "Learning: 4400/5000 - K=12 - 2020-04-13 16:43:40"
[1] "Learning: 4500/5000 - K=12 - 2020-04-13 16:43:44"
[1] "Learning: 4600/5000 - K=12 - 2020-04-13 16:43:48"
[1] "Learning: 4700/5000 - K=12 - 2020-04-13 16:43:52"
[1] "Learning: 4800/5000 - K=12 - 2020-04-13 16:43:56"
[1] "Learning: 4900/5000 - K=12 - 2020-04-13 16:44:00"
[1] "Learning: 5000/5000 - K=12 - 2020-04-13 16:44:04"
[1] "Starting convergence check"
[1] "Convergence diagnostic: 0.0515"
[1] "Values significantly greater than 0.05 imply a non-converged model."
Creating replicate 8 of 10
[1] "Running GFA with 4 data sources paired in one mode."
[1] "Learning: 100/5000 - K=14 - 2020-04-13 16:46:01"
[1] "Learning: 200/5000 - K=14 - 2020-04-13 16:46:06"
[1] "Learning: 300/5000 - K=14 - 2020-04-13 16:46:11"
[1] "Learning: 400/5000 - K=14 - 2020-04-13 16:46:15"
[1] "Learning: 500/5000 - K=14 - 2020-04-13 16:46:20"
[1] "Learning: 600/5000 - K=14 - 2020-04-13 16:46:25"
[1] "Learning: 700/5000 - K=14 - 2020-04-13 16:46:29"
[1] "Learning: 800/5000 - K=14 - 2020-04-13 16:46:34"
[1] "Learning: 900/5000 - K=14 - 2020-04-13 16:46:39"
[1] "Learning: 1000/5000 - K=14 - 2020-04-13 16:46:43"
[1] "Learning: 1100/5000 - K=14 - 2020-04-13 16:46:48"
[1] "Learning: 1200/5000 - K=14 - 2020-04-13 16:46:53"
[1] "Learning: 1300/5000 - K=14 - 2020-04-13 16:46:57"
[1] "Learning: 1400/5000 - K=14 - 2020-04-13 16:47:02"
[1] "Learning: 1500/5000 - K=14 - 2020-04-13 16:47:07"
[1] "Learning: 1600/5000 - K=14 - 2020-04-13 16:47:11"
[1] "Learning: 1700/5000 - K=14 - 2020-04-13 16:47:16"
[1] "Learning: 1800/5000 - K=14 - 2020-04-13 16:47:21"
[1] "Learning: 1900/5000 - K=14 - 2020-04-13 16:47:25"
[1] "Learning: 2000/5000 - K=14 - 2020-04-13 16:47:30"
[1] "Learning: 2100/5000 - K=14 - 2020-04-13 16:47:35"
[1] "Learning: 2200/5000 - K=14 - 2020-04-13 16:47:40"
[1] "Learning: 2300/5000 - K=14 - 2020-04-13 16:47:44"
[1] "Learning: 2400/5000 - K=14 - 2020-04-13 16:47:49"
[1] "Learning: 2500/5000 - K=14 - 2020-04-13 16:47:54"
[1] "Learning: 2600/5000 - K=14 - 2020-04-13 16:47:59"
[1] "Learning: 2700/5000 - K=14 - 2020-04-13 16:48:03"
[1] "Learning: 2800/5000 - K=14 - 2020-04-13 16:48:08"
[1] "Learning: 2900/5000 - K=14 - 2020-04-13 16:48:13"
[1] "Learning: 3000/5000 - K=14 - 2020-04-13 16:48:17"
[1] "Learning: 3100/5000 - K=14 - 2020-04-13 16:48:22"
[1] "Learning: 3200/5000 - K=14 - 2020-04-13 16:48:27"
[1] "Learning: 3300/5000 - K=14 - 2020-04-13 16:48:31"
[1] "Learning: 3400/5000 - K=14 - 2020-04-13 16:48:36"
[1] "Learning: 3500/5000 - K=14 - 2020-04-13 16:48:41"
[1] "Learning: 3600/5000 - K=14 - 2020-04-13 16:48:45"
[1] "Learning: 3700/5000 - K=14 - 2020-04-13 16:48:50"
[1] "Learning: 3800/5000 - K=14 - 2020-04-13 16:48:55"
[1] "Learning: 3900/5000 - K=14 - 2020-04-13 16:48:59"
[1] "Learning: 4000/5000 - K=14 - 2020-04-13 16:49:04"
[1] "Learning: 4100/5000 - K=14 - 2020-04-13 16:49:09"
[1] "Learning: 4200/5000 - K=14 - 2020-04-13 16:49:13"
[1] "Learning: 4300/5000 - K=14 - 2020-04-13 16:49:18"
[1] "Learning: 4400/5000 - K=14 - 2020-04-13 16:49:23"
[1] "Learning: 4500/5000 - K=14 - 2020-04-13 16:49:27"
[1] "Learning: 4600/5000 - K=14 - 2020-04-13 16:49:32"
[1] "Learning: 4700/5000 - K=14 - 2020-04-13 16:49:37"
[1] "Learning: 4800/5000 - K=14 - 2020-04-13 16:49:41"
[1] "Learning: 4900/5000 - K=14 - 2020-04-13 16:49:46"
[1] "Learning: 5000/5000 - K=14 - 2020-04-13 16:49:51"
[1] "Starting convergence check"
[1] "Convergence diagnostic: 0.074"
[1] "Values significantly greater than 0.05 imply a non-converged model."
Creating replicate 9 of 10
[1] "Running GFA with 4 data sources paired in one mode."
[1] "Learning: 100/5000 - K=18 - 2020-04-13 16:51:50"
[1] "Learning: 200/5000 - K=18 - 2020-04-13 16:51:56"
[1] "Learning: 300/5000 - K=18 - 2020-04-13 16:52:02"
[1] "Learning: 400/5000 - K=18 - 2020-04-13 16:52:08"
[1] "Learning: 500/5000 - K=18 - 2020-04-13 16:52:14"
[1] "Learning: 600/5000 - K=18 - 2020-04-13 16:52:20"
[1] "Learning: 700/5000 - K=18 - 2020-04-13 16:52:26"
[1] "Learning: 800/5000 - K=18 - 2020-04-13 16:52:32"
[1] "Learning: 900/5000 - K=18 - 2020-04-13 16:52:38"
[1] "Learning: 1000/5000 - K=18 - 2020-04-13 16:52:44"
[1] "Learning: 1100/5000 - K=18 - 2020-04-13 16:52:50"
[1] "Learning: 1200/5000 - K=18 - 2020-04-13 16:52:56"
[1] "Learning: 1300/5000 - K=18 - 2020-04-13 16:53:02"
[1] "Learning: 1400/5000 - K=18 - 2020-04-13 16:53:08"
[1] "Learning: 1500/5000 - K=18 - 2020-04-13 16:53:14"
[1] "Learning: 1600/5000 - K=18 - 2020-04-13 16:53:20"
[1] "Learning: 1700/5000 - K=18 - 2020-04-13 16:53:26"
[1] "Learning: 1800/5000 - K=18 - 2020-04-13 16:53:32"
[1] "Learning: 1900/5000 - K=18 - 2020-04-13 16:53:38"
[1] "Learning: 2000/5000 - K=18 - 2020-04-13 16:53:44"
[1] "Learning: 2100/5000 - K=18 - 2020-04-13 16:53:50"
[1] "Learning: 2200/5000 - K=18 - 2020-04-13 16:53:56"
[1] "Learning: 2300/5000 - K=18 - 2020-04-13 16:54:02"
[1] "Learning: 2400/5000 - K=18 - 2020-04-13 16:54:08"
[1] "Learning: 2500/5000 - K=18 - 2020-04-13 16:54:14"
[1] "Learning: 2600/5000 - K=18 - 2020-04-13 16:54:20"
[1] "Learning: 2700/5000 - K=18 - 2020-04-13 16:54:26"
[1] "Learning: 2800/5000 - K=18 - 2020-04-13 16:54:32"
[1] "Learning: 2900/5000 - K=18 - 2020-04-13 16:54:38"
[1] "Learning: 3000/5000 - K=18 - 2020-04-13 16:54:44"
[1] "Learning: 3100/5000 - K=18 - 2020-04-13 16:54:50"
[1] "Learning: 3200/5000 - K=18 - 2020-04-13 16:54:56"
[1] "Learning: 3300/5000 - K=18 - 2020-04-13 16:55:02"
[1] "Learning: 3400/5000 - K=18 - 2020-04-13 16:55:08"
[1] "Learning: 3500/5000 - K=18 - 2020-04-13 16:55:14"
[1] "Learning: 3600/5000 - K=18 - 2020-04-13 16:55:20"
[1] "Learning: 3700/5000 - K=18 - 2020-04-13 16:55:26"
[1] "Learning: 3800/5000 - K=18 - 2020-04-13 16:55:32"
[1] "Learning: 3900/5000 - K=18 - 2020-04-13 16:55:38"
[1] "Learning: 4000/5000 - K=18 - 2020-04-13 16:55:44"
[1] "Learning: 4100/5000 - K=18 - 2020-04-13 16:55:49"
[1] "Learning: 4200/5000 - K=18 - 2020-04-13 16:55:55"
[1] "Learning: 4300/5000 - K=18 - 2020-04-13 16:56:01"
[1] "Learning: 4400/5000 - K=18 - 2020-04-13 16:56:07"
[1] "Learning: 4500/5000 - K=18 - 2020-04-13 16:56:13"
[1] "Learning: 4600/5000 - K=18 - 2020-04-13 16:56:19"
[1] "Learning: 4700/5000 - K=18 - 2020-04-13 16:56:25"
[1] "Learning: 4800/5000 - K=18 - 2020-04-13 16:56:31"
[1] "Learning: 4900/5000 - K=18 - 2020-04-13 16:56:37"
[1] "Learning: 5000/5000 - K=18 - 2020-04-13 16:56:43"
[1] "Starting convergence check"
[1] "Convergence diagnostic: 0.0546"
[1] "Values significantly greater than 0.05 imply a non-converged model."
Creating replicate 10 of 10
[1] "Running GFA with 4 data sources paired in one mode."
[1] "Learning: 100/5000 - K=13 - 2020-04-13 16:58:44"
[1] "Learning: 200/5000 - K=13 - 2020-04-13 16:58:49"
[1] "Learning: 300/5000 - K=13 - 2020-04-13 16:58:53"
[1] "Learning: 400/5000 - K=13 - 2020-04-13 16:58:57"
[1] "Learning: 500/5000 - K=13 - 2020-04-13 16:59:02"
[1] "Learning: 600/5000 - K=13 - 2020-04-13 16:59:06"
[1] "Learning: 700/5000 - K=13 - 2020-04-13 16:59:10"
[1] "Learning: 800/5000 - K=13 - 2020-04-13 16:59:15"
[1] "Learning: 900/5000 - K=13 - 2020-04-13 16:59:19"
[1] "Learning: 1000/5000 - K=13 - 2020-04-13 16:59:23"
[1] "Learning: 1100/5000 - K=13 - 2020-04-13 16:59:28"
[1] "Learning: 1200/5000 - K=13 - 2020-04-13 16:59:32"
[1] "Learning: 1300/5000 - K=13 - 2020-04-13 16:59:36"
[1] "Learning: 1400/5000 - K=13 - 2020-04-13 16:59:40"
[1] "Learning: 1500/5000 - K=13 - 2020-04-13 16:59:45"
[1] "Learning: 1600/5000 - K=13 - 2020-04-13 16:59:49"
[1] "Learning: 1700/5000 - K=13 - 2020-04-13 16:59:53"
[1] "Learning: 1800/5000 - K=13 - 2020-04-13 16:59:58"
[1] "Learning: 1900/5000 - K=13 - 2020-04-13 17:00:02"
[1] "Learning: 2000/5000 - K=13 - 2020-04-13 17:00:06"
[1] "Learning: 2100/5000 - K=13 - 2020-04-13 17:00:11"
[1] "Learning: 2200/5000 - K=13 - 2020-04-13 17:00:15"
[1] "Learning: 2300/5000 - K=13 - 2020-04-13 17:00:19"
[1] "Learning: 2400/5000 - K=13 - 2020-04-13 17:00:24"
[1] "Learning: 2500/5000 - K=13 - 2020-04-13 17:00:28"
[1] "Learning: 2600/5000 - K=13 - 2020-04-13 17:00:33"
[1] "Learning: 2700/5000 - K=13 - 2020-04-13 17:00:37"
[1] "Learning: 2800/5000 - K=13 - 2020-04-13 17:00:41"
[1] "Learning: 2900/5000 - K=13 - 2020-04-13 17:00:46"
[1] "Learning: 3000/5000 - K=13 - 2020-04-13 17:00:50"
[1] "Learning: 3100/5000 - K=13 - 2020-04-13 17:00:55"
[1] "Learning: 3200/5000 - K=13 - 2020-04-13 17:00:59"
[1] "Learning: 3300/5000 - K=13 - 2020-04-13 17:01:03"
[1] "Learning: 3400/5000 - K=13 - 2020-04-13 17:01:08"
[1] "Learning: 3500/5000 - K=13 - 2020-04-13 17:01:12"
[1] "Learning: 3600/5000 - K=13 - 2020-04-13 17:01:16"
[1] "Learning: 3700/5000 - K=13 - 2020-04-13 17:01:21"
[1] "Learning: 3800/5000 - K=13 - 2020-04-13 17:01:25"
[1] "Learning: 3900/5000 - K=13 - 2020-04-13 17:01:30"
[1] "Learning: 4000/5000 - K=13 - 2020-04-13 17:01:34"
[1] "Learning: 4100/5000 - K=13 - 2020-04-13 17:01:38"
[1] "Learning: 4200/5000 - K=13 - 2020-04-13 17:01:43"
[1] "Learning: 4300/5000 - K=13 - 2020-04-13 17:01:47"
[1] "Learning: 4400/5000 - K=13 - 2020-04-13 17:01:51"
[1] "Learning: 4500/5000 - K=13 - 2020-04-13 17:01:56"
[1] "Learning: 4600/5000 - K=13 - 2020-04-13 17:02:00"
[1] "Learning: 4700/5000 - K=13 - 2020-04-13 17:02:05"
[1] "Learning: 4800/5000 - K=13 - 2020-04-13 17:02:09"
[1] "Learning: 4900/5000 - K=13 - 2020-04-13 17:02:13"
[1] "Learning: 5000/5000 - K=13 - 2020-04-13 17:02:18"
[1] "Starting convergence check"
[1] "Convergence diagnostic: 0.0496"
[1] "Values significantly greater than 0.05 imply a non-converged model."
Loading replicate 1 of 10
Loading replicate 2 of 10
Loading replicate 3 of 10
Loading replicate 4 of 10
Loading replicate 5 of 10
Loading replicate 6 of 10
Loading replicate 7 of 10
Loading replicate 8 of 10
Loading replicate 9 of 10
Loading replicate 10 of 10

All replicates loaded.


Creating GFA list.
running replicate 1 of 10
running replicate 2 of 10
running replicate 3 of 10
running replicate 4 of 10
running replicate 5 of 10
running replicate 6 of 10
running replicate 7 of 10
running replicate 8 of 10
running replicate 9 of 10
running replicate 10 of 10
GFA list created.

Creating xw_by_rep_comp.
xw_by_rep_comp created.
[1] "2020-04-13 17:07:07 :  1 , 1"
[1] "2020-04-13 17:07:17 :  1 , 2"
[1] "2020-04-13 17:07:26 :  1 , 3"
[1] "2020-04-13 17:07:38 :  1 , 4"
[1] "2020-04-13 17:07:51 :  1 , 5"
[1] "2020-04-13 17:08:04 :  1 , 6"
[1] "2020-04-13 17:08:29 :  1 , 7"
[1] "2020-04-13 17:08:57 :  2 , 1"
[1] "2020-04-13 17:09:08 :  2 , 2"
[1] "2020-04-13 17:09:18 :  2 , 3"
[1] "2020-04-13 17:09:31 :  2 , 4"
[1] "2020-04-13 17:09:46 :  2 , 5"
[1] "2020-04-13 17:10:01 :  2 , 6"
[1] "2020-04-13 17:10:31 :  2 , 7"
[1] "2020-04-13 17:11:22 :  3 , 1"
[1] "2020-04-13 17:11:35 :  3 , 2"
[1] "2020-04-13 17:11:51 :  3 , 3"
[1] "2020-04-13 17:12:20 :  3 , 4"
[1] "2020-04-13 17:12:56 :  3 , 5"
[1] "2020-04-13 17:13:35 :  3 , 6"
[1] "2020-04-13 17:14:41 :  3 , 7"
[1] "2020-04-13 17:15:57 :  4 , 1"
[1] "2020-04-13 17:16:12 :  4 , 2"
[1] "2020-04-13 17:16:32 :  4 , 3"
[1] "2020-04-13 17:17:10 :  4 , 4"
[1] "2020-04-13 17:18:03 :  4 , 5"
[1] "2020-04-13 17:19:05 :  4 , 6"
[1] "2020-04-13 17:20:17 :  4 , 7"
[1] "2020-04-13 17:21:56 :  5 , 1"
[1] "2020-04-13 17:22:14 :  5 , 2"
[1] "2020-04-13 17:22:38 :  5 , 3"
[1] "2020-04-13 17:23:33 :  5 , 4"
[1] "2020-04-13 17:24:36 :  5 , 5"
[1] "2020-04-13 17:25:53 :  5 , 6"
[1] "2020-04-13 17:27:29 :  5 , 7"
[1] "2020-04-13 17:29:03 :  6 , 1"
[1] "2020-04-13 17:29:28 :  6 , 2"
[1] "2020-04-13 17:30:03 :  6 , 3"
[1] "2020-04-13 17:31:13 :  6 , 4"
[1] "2020-04-13 17:32:50 :  6 , 5"
[1] "2020-04-13 17:34:25 :  6 , 6"
[1] "2020-04-13 17:36:17 :  6 , 7"
[1] "2020-04-13 17:37:51 :  7 , 1"
[1] "2020-04-13 17:38:27 :  7 , 2"
[1] "2020-04-13 17:39:22 :  7 , 3"
[1] "2020-04-13 17:41:02 :  7 , 4"
[1] "2020-04-13 17:42:40 :  7 , 5"
[1] "2020-04-13 17:44:15 :  7 , 6"
[1] "2020-04-13 17:46:02 :  7 , 7"
The min. MSE = 1553.524
The 1-SE MSE threshold = 1566.176
min. MSE criterion gives 4 matched factors
1-SE MSE criterion gives 3 matched factors
Done.
2020-04-13 17:47:39
Warning messages:
1: executing %dopar% sequentially: no parallel backend registered 
2: In gfa(Y_grouped, opts = opts, K = 40) :
  Over 60% of the initial components shut down. Excessive amount of
  initial components may result in a bad initialization for the model parameters.
  Rerun the model with K=15.
3: In gfa(Y_grouped, opts = opts, K = 40) :
  Over 60% of the initial components shut down. Excessive amount of
  initial components may result in a bad initialization for the model parameters.
  Rerun the model with K=17.
4: In gfa(Y_grouped, opts = opts, K = 40) :
  Over 60% of the initial components shut down. Excessive amount of
  initial components may result in a bad initialization for the model parameters.
  Rerun the model with K=16.
5: In gfa(Y_grouped, opts = opts, K = 40) :
  Over 60% of the initial components shut down. Excessive amount of
  initial components may result in a bad initialization for the model parameters.
  Rerun the model with K=20.
6: In gfa(Y_grouped, opts = opts, K = 40) :
  Over 60% of the initial components shut down. Excessive amount of
  initial components may result in a bad initialization for the model parameters.
  Rerun the model with K=19.
7: In gfa(Y_grouped, opts = opts, K = 40) :
  Over 60% of the initial components shut down. Excessive amount of
  initial components may result in a bad initialization for the model parameters.
  Rerun the model with K=17.
8: In gfa(Y_grouped, opts = opts, K = 40) :
  Over 60% of the initial components shut down. Excessive amount of
  initial components may result in a bad initialization for the model parameters.
  Rerun the model with K=19.
9: In gfa(Y_grouped, opts = opts, K = 40) :
  Over 60% of the initial components shut down. Excessive amount of
  initial components may result in a bad initialization for the model parameters.
  Rerun the model with K=18.
